(1) Elapsed Wtime       0.070526 s ( 99.6% CPU)
(1) Time spent in communication:       0.000000 s (0.0 %)
(1) Times per iteration:       0.000000 s of 0.000185, s
(1) Elapsed Wtime       0.059526 s ( 99.7% CPU)
(1) Time spent in communication:       0.000000 s (0.0 %)
(1) Times per iteration:       0.000000 s of 0.000156, s
(1) Elapsed Wtime       0.059779 s ( 99.6% CPU)
(1) Time spent in communication:       0.000000 s (0.0 %)
(1) Times per iteration:       0.000000 s of 0.000156, s
(1) Elapsed Wtime       0.059587 s ( 99.7% CPU)
(1) Time spent in communication:       0.000000 s (0.0 %)
(1) Times per iteration:       0.000000 s of 0.000156, s
(1) Elapsed Wtime       0.059319 s ( 99.7% CPU)
(1) Time spent in communication:       0.000000 s (0.0 %)
(1) Times per iteration:       0.000000 s of 0.000155, s
(1) Elapsed Wtime       0.059542 s ( 99.7% CPU)
(1) Time spent in communication:       0.000000 s (0.0 %)
(1) Times per iteration:       0.000000 s of 0.000156, s
(1) Elapsed Wtime       0.059499 s ( 99.7% CPU)
(1) Time spent in communication:       0.000000 s (0.0 %)
(1) Times per iteration:       0.000000 s of 0.000156, s
(1) Elapsed Wtime       0.059288 s ( 99.7% CPU)
(1) Time spent in communication:       0.000000 s (0.0 %)
(1) Times per iteration:       0.000000 s of 0.000155, s
(1) Elapsed Wtime       0.059803 s ( 99.7% CPU)
(1) Time spent in communication:       0.000000 s (0.0 %)
(1) Times per iteration:       0.000000 s of 0.000157, s
(1) Elapsed Wtime       0.059583 s ( 99.7% CPU)
(1) Time spent in communication:       0.000000 s (0.0 %)
(1) Times per iteration:       0.000000 s of 0.000156, s
(2) Elapsed Wtime       0.070525 s ( 88.3% CPU)
(2) Time spent in communication:       0.000000 s (0.0 %)
(2) Times per iteration:       0.000000 s of 0.000185, s
(2) Elapsed Wtime       0.059527 s ( 98.8% CPU)
(2) Time spent in communication:       0.000000 s (0.0 %)
(2) Times per iteration:       0.000000 s of 0.000156, s
(2) Elapsed Wtime       0.059781 s ( 98.7% CPU)
(2) Time spent in communication:       0.000000 s (0.0 %)
(2) Times per iteration:       0.000000 s of 0.000156, s
(2) Elapsed Wtime       0.059587 s ( 98.7% CPU)
(2) Time spent in communication:       0.000000 s (0.0 %)
(2) Times per iteration:       0.000000 s of 0.000156, s
(2) Elapsed Wtime       0.059319 s ( 98.7% CPU)
(2) Time spent in communication:       0.000000 s (0.0 %)
(2) Times per iteration:       0.000000 s of 0.000155, s
(2) Elapsed Wtime       0.059543 s ( 98.8% CPU)
(2) Time spent in communication:       0.000000 s (0.0 %)
(2) Times per iteration:       0.000000 s of 0.000156, s
(2) Elapsed Wtime       0.059500 s ( 98.6% CPU)
(3) Elapsed Wtime       0.069609 s ( 99.5% CPU)
(3) Time spent in communication:       0.000000 s (0.0 %)
(3) Times per iteration:       0.000000 s of 0.000182, s
(3) Elapsed Wtime       0.059522 s ( 99.7% CPU)
(3) Time spent in communication:       0.000000 s (0.0 %)
(3) Times per iteration:       0.000000 s of 0.000156, s
(3) Elapsed Wtime       0.059776 s ( 99.7% CPU)
(3) Time spent in communication:       0.000000 s (0.0 %)
(3) Times per iteration:       0.000000 s of 0.000156, s
(3) Elapsed Wtime       0.059582 s ( 99.6% CPU)
(3) Time spent in communication:       0.000000 s (0.0 %)
(3) Times per iteration:       0.000000 s of 0.000156, s
(3) Elapsed Wtime       0.059314 s ( 99.6% CPU)
(3) Time spent in communication:       0.000000 s (0.0 %)
(3) Times per iteration:       0.000000 s of 0.000155, s
(3) Elapsed Wtime       0.059539 s ( 99.7% CPU)
(3) Time spent in communication:       0.000000 s (0.0 %)
(3) Times per iteration:       0.000000 s of 0.000156, s
(3) Elapsed Wtime       0.059496 s ( 99.7% CPU)
(2) Time spent in communication:       0.000000 s (0.0 %)
(2) Times per iteration:       0.000000 s of 0.000156, s
(2) Elapsed Wtime       0.059288 s ( 98.8% CPU)
(2) Time spent in communication:       0.000000 s (0.0 %)
(2) Times per iteration:       0.000000 s of 0.000155, s
(2) Elapsed Wtime       0.059810 s ( 98.5% CPU)
(2) Time spent in communication:       0.000000 s (0.0 %)
(2) Times per iteration:       0.000000 s of 0.000157, s
(2) Elapsed Wtime       0.059584 s ( 98.6% CPU)
(2) Time spent in communication:       0.000000 s (0.0 %)
(2) Times per iteration:       0.000000 s of 0.000156, s
(3) Time spent in communication:       0.000000 s (0.0 %)
(3) Times per iteration:       0.000000 s of 0.000156, s
(3) Elapsed Wtime       0.059284 s ( 99.7% CPU)
(3) Time spent in communication:       0.000000 s (0.0 %)
(3) Times per iteration:       0.000000 s of 0.000155, s
(3) Elapsed Wtime       0.059799 s ( 99.6% CPU)
(3) Time spent in communication:       0.000000 s (0.0 %)
(3) Times per iteration:       0.000000 s of 0.000157, s
(3) Elapsed Wtime       0.059580 s ( 99.7% CPU)
(3) Time spent in communication:       0.000000 s (0.0 %)
(3) Times per iteration:       0.000000 s of 0.000156, s
Number of iterations: 382, omega: 1.95, grid size: 200
Delta: 0.000099
(0) Elapsed Wtime       0.069640 s ( 97.9% CPU)
(0) Time spent in communication:       0.000000 s (0.0 %)
(0) Times per iteration:       0.000000 s of 0.000182, s
Number of iterations: 382, omega: 1.95, grid size: 200
Delta: 0.000099
(0) Elapsed Wtime       0.059534 s ( 98.7% CPU)
(0) Time spent in communication:       0.000000 s (0.0 %)
(0) Times per iteration:       0.000000 s of 0.000156, s
Number of iterations: 382, omega: 1.95, grid size: 200
Delta: 0.000099
(0) Elapsed Wtime       0.059787 s ( 98.6% CPU)
(0) Time spent in communication:       0.000000 s (0.0 %)
(0) Times per iteration:       0.000000 s of 0.000157, s
Number of iterations: 382, omega: 1.95, grid size: 200
Delta: 0.000099
(0) Elapsed Wtime       0.059594 s ( 98.1% CPU)
(0) Time spent in communication:       0.000000 s (0.0 %)
(0) Times per iteration:       0.000000 s of 0.000156, s
Number of iterations: 382, omega: 1.95, grid size: 200
Delta: 0.000099
(0) Elapsed Wtime       0.059325 s ( 98.1% CPU)
(0) Time spent in communication:       0.000000 s (0.0 %)
(0) Times per iteration:       0.000000 s of 0.000155, s
Number of iterations: 382, omega: 1.95, grid size: 200
Delta: 0.000099
(0) Elapsed Wtime       0.059553 s ( 98.6% CPU)
(0) Time spent in communication:       0.000000 s (0.0 %)
(0) Times per iteration:       0.000000 s of 0.000156, s
Number of iterations: 382, omega: 1.95, grid size: 200
Delta: 0.000099
(0) Elapsed Wtime       0.059507 s ( 98.5% CPU)
(0) Time spent in communication:       0.000000 s (0.0 %)
(0) Times per iteration:       0.000000 s of 0.000156, s
Number of iterations: 382, omega: 1.95, grid size: 200
Delta: 0.000099
(0) Elapsed Wtime       0.059295 s ( 98.2% CPU)
(0) Time spent in communication:       0.000000 s (0.0 %)
(0) Times per iteration:       0.000000 s of 0.000155, s
Number of iterations: 382, omega: 1.95, grid size: 200
Delta: 0.000099
(0) Elapsed Wtime       0.059808 s ( 98.0% CPU)
(0) Time spent in communication:       0.000000 s (0.0 %)
(0) Times per iteration:       0.000000 s of 0.000157, s
Number of iterations: 382, omega: 1.95, grid size: 200
Delta: 0.000099
(0) Elapsed Wtime       0.059590 s ( 98.5% CPU)
(0) Time spent in communication:       0.000000 s (0.0 %)
(0) Times per iteration:       0.000000 s of 0.000156, s
