(1) Elapsed Wtime       0.665116 s ( 99.7% CPU)
(1) Time spent in communication:       0.000000 s (0.0 %)
(1) Times per iteration:       0.000000 s of 0.000552, s
(1) Elapsed Wtime       0.671084 s ( 99.7% CPU)
(1) Time spent in communication:       0.000000 s (0.0 %)
(1) Times per iteration:       0.000000 s of 0.000556, s
(1) Elapsed Wtime       0.666618 s ( 99.2% CPU)
(1) Time spent in communication:       0.000000 s (0.0 %)
(1) Times per iteration:       0.000000 s of 0.000553, s
(1) Elapsed Wtime       0.669851 s ( 99.7% CPU)
(1) Time spent in communication:       0.000000 s (0.0 %)
(1) Times per iteration:       0.000000 s of 0.000555, s
(1) Elapsed Wtime       0.678653 s ( 99.7% CPU)
(1) Time spent in communication:       0.000000 s (0.0 %)
(1) Times per iteration:       0.000000 s of 0.000563, s
(1) Elapsed Wtime       0.728603 s ( 99.6% CPU)
(1) Time spent in communication:       0.000000 s (0.0 %)
(1) Times per iteration:       0.000000 s of 0.000604, s
(1) Elapsed Wtime       0.709748 s ( 99.7% CPU)
(1) Time spent in communication:       0.000000 s (0.0 %)
(1) Times per iteration:       0.000000 s of 0.000589, s
(1) Elapsed Wtime       0.703059 s ( 99.7% CPU)
(1) Time spent in communication:       0.000000 s (0.0 %)
(1) Times per iteration:       0.000000 s of 0.000583, s
(1) Elapsed Wtime       0.693109 s ( 99.7% CPU)
(1) Time spent in communication:       0.000000 s (0.0 %)
(1) Times per iteration:       0.000000 s of 0.000575, s
(1) Elapsed Wtime       0.700130 s ( 99.7% CPU)
(1) Time spent in communication:       0.000000 s (0.0 %)
(1) Times per iteration:       0.000000 s of 0.000581, s
(3) Elapsed Wtime       0.665116 s ( 99.6% CPU)
(3) Time spent in communication:       0.000000 s (0.0 %)
(3) Times per iteration:       0.000000 s of 0.000552, s
(3) Elapsed Wtime       0.671080 s ( 99.6% CPU)
(3) Time spent in communication:       0.000000 s (0.0 %)
(3) Times per iteration:       0.000000 s of 0.000556, s
(3) Elapsed Wtime       0.666615 s ( 99.6% CPU)
(3) Time spent in communication:       0.000000 s (0.0 %)
(3) Times per iteration:       0.000000 s of 0.000553, s
(3) Elapsed Wtime       0.669850 s ( 99.6% CPU)
(3) Time spent in communication:       0.000000 s (0.0 %)
(3) Times per iteration:       0.000000 s of 0.000555, s
(3) Elapsed Wtime       0.678653 s ( 99.6% CPU)
(3) Time spent in communication:       0.000000 s (0.0 %)
(3) Times per iteration:       0.000000 s of 0.000563, s
(3) Elapsed Wtime       0.728600 s ( 99.6% CPU)
(3) Time spent in communication:       0.000000 s (0.0 %)
(3) Times per iteration:       0.000000 s of 0.000604, s
(3) Elapsed Wtime       0.709748 s ( 99.7% CPU)
(3) Time spent in communication:       0.000000 s (0.0 %)
(3) Times per iteration:       0.000000 s of 0.000589, s
(3) Elapsed Wtime       0.703059 s ( 99.6% CPU)
(3) Time spent in communication:       0.000000 s (0.0 %)
(3) Times per iteration:       0.000000 s of 0.000583, s
(3) Elapsed Wtime       0.693109 s ( 99.7% CPU)
(3) Time spent in communication:       0.000000 s (0.0 %)
(3) Times per iteration:       0.000000 s of 0.000575, s
(3) Elapsed Wtime       0.700128 s ( 99.6% CPU)
(3) Time spent in communication:       0.000000 s (0.0 %)
(3) Times per iteration:       0.000000 s of 0.000581, s
(2) Elapsed Wtime       0.665116 s ( 99.6% CPU)
(2) Time spent in communication:       0.000000 s (0.0 %)
(2) Times per iteration:       0.000000 s of 0.000552, s
(2) Elapsed Wtime       0.671084 s ( 99.6% CPU)
(2) Time spent in communication:       0.000000 s (0.0 %)
(2) Times per iteration:       0.000000 s of 0.000556, s
(2) Elapsed Wtime       0.666617 s ( 99.7% CPU)
(2) Time spent in communication:       0.000000 s (0.0 %)
(2) Times per iteration:       0.000000 s of 0.000553, s
(2) Elapsed Wtime       0.669851 s ( 99.6% CPU)
(2) Time spent in communication:       0.000000 s (0.0 %)
(2) Times per iteration:       0.000000 s of 0.000555, s
(2) Elapsed Wtime       0.678653 s ( 99.6% CPU)
(2) Time spent in communication:       0.000000 s (0.0 %)
(2) Times per iteration:       0.000000 s of 0.000563, s
(2) Elapsed Wtime       0.728603 s ( 99.6% CPU)
(2) Time spent in communication:       0.000000 s (0.0 %)
(2) Times per iteration:       0.000000 s of 0.000604, s
(2) Elapsed Wtime       0.709749 s ( 99.6% CPU)
(2) Time spent in communication:       0.000000 s (0.0 %)
(2) Times per iteration:       0.000000 s of 0.000589, s
(2) Elapsed Wtime       0.703060 s ( 99.6% CPU)
(2) Time spent in communication:       0.000000 s (0.0 %)
(2) Times per iteration:       0.000000 s of 0.000583, s
(2) Elapsed Wtime       0.693110 s ( 99.7% CPU)
(2) Time spent in communication:       0.000000 s (0.0 %)
(2) Times per iteration:       0.000000 s of 0.000575, s
(2) Elapsed Wtime       0.700130 s ( 99.6% CPU)
(2) Time spent in communication:       0.000000 s (0.0 %)
(2) Times per iteration:       0.000000 s of 0.000581, s
Number of iterations: 1206, omega: 1.95, grid size: 400
Delta: 0.000100
(0) Elapsed Wtime       0.665128 s ( 99.7% CPU)
(0) Time spent in communication:       0.000000 s (0.0 %)
(0) Times per iteration:       0.000000 s of 0.000552, s
Number of iterations: 1206, omega: 1.95, grid size: 400
Delta: 0.000100
(0) Elapsed Wtime       0.671093 s ( 99.7% CPU)
(0) Time spent in communication:       0.000000 s (0.0 %)
(0) Times per iteration:       0.000000 s of 0.000556, s
Number of iterations: 1206, omega: 1.95, grid size: 400
Delta: 0.000100
(0) Elapsed Wtime       0.666621 s ( 99.7% CPU)
(0) Time spent in communication:       0.000000 s (0.0 %)
(0) Times per iteration:       0.000000 s of 0.000553, s
Number of iterations: 1206, omega: 1.95, grid size: 400
Delta: 0.000100
(0) Elapsed Wtime       0.669856 s ( 99.6% CPU)
(0) Time spent in communication:       0.000000 s (0.0 %)
(0) Times per iteration:       0.000000 s of 0.000555, s
Number of iterations: 1206, omega: 1.95, grid size: 400
Delta: 0.000100
(0) Elapsed Wtime       0.678671 s ( 99.7% CPU)
(0) Time spent in communication:       0.000000 s (0.0 %)
(0) Times per iteration:       0.000000 s of 0.000563, s
Number of iterations: 1206, omega: 1.95, grid size: 400
Delta: 0.000100
(0) Elapsed Wtime       0.728607 s ( 99.6% CPU)
(0) Time spent in communication:       0.000000 s (0.0 %)
(0) Times per iteration:       0.000000 s of 0.000604, s
Number of iterations: 1206, omega: 1.95, grid size: 400
Delta: 0.000100
(0) Elapsed Wtime       0.709755 s ( 99.7% CPU)
(0) Time spent in communication:       0.000000 s (0.0 %)
(0) Times per iteration:       0.000000 s of 0.000589, s
Number of iterations: 1206, omega: 1.95, grid size: 400
Delta: 0.000100
(0) Elapsed Wtime       0.703064 s ( 99.7% CPU)
(0) Time spent in communication:       0.000000 s (0.0 %)
(0) Times per iteration:       0.000000 s of 0.000583, s
Number of iterations: 1206, omega: 1.95, grid size: 400
Delta: 0.000100
(0) Elapsed Wtime       0.693122 s ( 99.7% CPU)
(0) Time spent in communication:       0.000000 s (0.0 %)
(0) Times per iteration:       0.000000 s of 0.000575, s
Number of iterations: 1206, omega: 1.95, grid size: 400
Delta: 0.000100
(0) Elapsed Wtime       0.700132 s ( 99.7% CPU)
(0) Time spent in communication:       0.000000 s (0.0 %)
(0) Times per iteration:       0.000000 s of 0.000581, s
