Number of iterations: 382, omega: 1.95, grid size: 200
Delta: 0.000099
(0) Elapsed Wtime       0.058202 s ( 99.6% CPU)
(0) Time spent in communication:       0.000000 s (0.0 %)
(0) Times per iteration:       0.000000 s of 0.000152, s
Number of iterations: 382, omega: 1.95, grid size: 200
Delta: 0.000099
(0) Elapsed Wtime       0.057914 s ( 99.7% CPU)
(0) Time spent in communication:       0.000000 s (0.0 %)
(0) Times per iteration:       0.000000 s of 0.000152, s
Number of iterations: 382, omega: 1.95, grid size: 200
Delta: 0.000099
(0) Elapsed Wtime       0.057730 s ( 99.6% CPU)
(0) Time spent in communication:       0.000000 s (0.0 %)
(0) Times per iteration:       0.000000 s of 0.000151, s
Number of iterations: 382, omega: 1.95, grid size: 200
Delta: 0.000099
(0) Elapsed Wtime       0.059247 s ( 99.7% CPU)
(0) Time spent in communication:       0.000000 s (0.0 %)
(0) Times per iteration:       0.000000 s of 0.000155, s
Number of iterations: 382, omega: 1.95, grid size: 200
Delta: 0.000099
(0) Elapsed Wtime       0.059293 s ( 99.7% CPU)
(0) Time spent in communication:       0.000000 s (0.0 %)
(0) Times per iteration:       0.000000 s of 0.000155, s
Number of iterations: 382, omega: 1.95, grid size: 200
Delta: 0.000099
(0) Elapsed Wtime       0.058248 s ( 99.6% CPU)
(0) Time spent in communication:       0.000000 s (0.0 %)
(0) Times per iteration:       0.000000 s of 0.000152, s
Number of iterations: 382, omega: 1.95, grid size: 200
Delta: 0.000099
(0) Elapsed Wtime       0.058090 s ( 99.6% CPU)
(0) Time spent in communication:       0.000000 s (0.0 %)
(0) Times per iteration:       0.000000 s of 0.000152, s
Number of iterations: 382, omega: 1.95, grid size: 200
Delta: 0.000099
(0) Elapsed Wtime       0.058122 s ( 99.6% CPU)
(0) Time spent in communication:       0.000000 s (0.0 %)
(0) Times per iteration:       0.000000 s of 0.000152, s
Number of iterations: 382, omega: 1.95, grid size: 200
Delta: 0.000099
(0) Elapsed Wtime       0.057881 s ( 99.7% CPU)
(0) Time spent in communication:       0.000000 s (0.0 %)
(0) Times per iteration:       0.000000 s of 0.000152, s
Number of iterations: 382, omega: 1.95, grid size: 200
Delta: 0.000099
(0) Elapsed Wtime       0.057293 s ( 99.6% CPU)
(0) Time spent in communication:       0.000000 s (0.0 %)
(0) Times per iteration:       0.000000 s of 0.000150, s
(1) Elapsed Wtime       0.058189 s ( 99.2% CPU)
(1) Time spent in communication:       0.000000 s (0.0 %)
(1) Times per iteration:       0.000000 s of 0.000152, s
(1) Elapsed Wtime       0.057911 s ( 99.7% CPU)
(1) Time spent in communication:       0.000000 s (0.0 %)
(1) Times per iteration:       0.000000 s of 0.000152, s
(1) Elapsed Wtime       0.057725 s ( 99.6% CPU)
(1) Time spent in communication:       0.000000 s (0.0 %)
(1) Times per iteration:       0.000000 s of 0.000151, s
(1) Elapsed Wtime       0.059247 s ( 99.6% CPU)
(1) Time spent in communication:       0.000000 s (0.0 %)
(1) Times per iteration:       0.000000 s of 0.000155, s
(1) Elapsed Wtime       0.059288 s ( 99.6% CPU)
(1) Time spent in communication:       0.000000 s (0.0 %)
(1) Times per iteration:       0.000000 s of 0.000155, s
(1) Elapsed Wtime       0.058243 s ( 99.6% CPU)
(1) Time spent in communication:       0.000000 s (0.0 %)
(1) Times per iteration:       0.000000 s of 0.000152, s
(1) Elapsed Wtime       0.058085 s ( 99.6% CPU)
(1) Time spent in communication:       0.000000 s (0.0 %)
(1) Times per iteration:       0.000000 s of 0.000152, s
(1) Elapsed Wtime       0.058117 s ( 99.7% CPU)
(1) Time spent in communication:       0.000000 s (0.0 %)
(1) Times per iteration:       0.000000 s of 0.000152, s
(1) Elapsed Wtime       0.057876 s ( 99.7% CPU)
(1) Time spent in communication:       0.000000 s (0.0 %)
(1) Times per iteration:       0.000000 s of 0.000152, s
(1) Elapsed Wtime       0.057288 s ( 99.7% CPU)
(1) Time spent in communication:       0.000000 s (0.0 %)
(1) Times per iteration:       0.000000 s of 0.000150, s
(2) Elapsed Wtime       0.058189 s ( 99.4% CPU)
(2) Time spent in communication:       0.000000 s (0.0 %)
(2) Times per iteration:       0.000000 s of 0.000152, s
(2) Elapsed Wtime       0.057910 s ( 99.6% CPU)
(2) Time spent in communication:       0.000000 s (0.0 %)
(2) Times per iteration:       0.000000 s of 0.000152, s
(2) Elapsed Wtime       0.057725 s ( 99.6% CPU)
(2) Time spent in communication:       0.000000 s (0.0 %)
(2) Times per iteration:       0.000000 s of 0.000151, s
(2) Elapsed Wtime       0.059247 s ( 99.6% CPU)
(2) Time spent in communication:       0.000000 s (0.0 %)
(2) Times per iteration:       0.000000 s of 0.000155, s
(2) Elapsed Wtime       0.059288 s ( 99.7% CPU)
(2) Time spent in communication:       0.000000 s (0.0 %)
(2) Times per iteration:       0.000000 s of 0.000155, s
(2) Elapsed Wtime       0.058243 s ( 99.6% CPU)
(2) Time spent in communication:       0.000000 s (0.0 %)
(2) Times per iteration:       0.000000 s of 0.000152, s
(2) Elapsed Wtime       0.058085 s ( 99.6% CPU)
(2) Time spent in communication:       0.000000 s (0.0 %)
(2) Times per iteration:       0.000000 s of 0.000152, s
(2) Elapsed Wtime       0.058117 s ( 99.7% CPU)
(2) Time spent in communication:       0.000000 s (0.0 %)
(2) Times per iteration:       0.000000 s of 0.000152, s
(2) Elapsed Wtime       0.057876 s ( 99.6% CPU)
(2) Time spent in communication:       0.000000 s (0.0 %)
(2) Times per iteration:       0.000000 s of 0.000152, s
(2) Elapsed Wtime       0.057288 s ( 99.6% CPU)
(2) Time spent in communication:       0.000000 s (0.0 %)
(2) Times per iteration:       0.000000 s of 0.000150, s
(3) Elapsed Wtime       0.058189 s ( 99.5% CPU)
(3) Time spent in communication:       0.000000 s (0.0 %)
(3) Times per iteration:       0.000000 s of 0.000152, s
(3) Elapsed Wtime       0.057910 s ( 99.5% CPU)
(3) Time spent in communication:       0.000000 s (0.0 %)
(3) Times per iteration:       0.000000 s of 0.000152, s
(3) Elapsed Wtime       0.057724 s ( 99.6% CPU)
(3) Time spent in communication:       0.000000 s (0.0 %)
(3) Times per iteration:       0.000000 s of 0.000151, s
(3) Elapsed Wtime       0.059242 s ( 99.2% CPU)
(3) Time spent in communication:       0.000000 s (0.0 %)
(3) Times per iteration:       0.000000 s of 0.000155, s
(3) Elapsed Wtime       0.059288 s ( 99.6% CPU)
(3) Time spent in communication:       0.000000 s (0.0 %)
(3) Times per iteration:       0.000000 s of 0.000155, s
(3) Elapsed Wtime       0.058243 s ( 99.6% CPU)
(3) Time spent in communication:       0.000000 s (0.0 %)
(3) Times per iteration:       0.000000 s of 0.000152, s
(3) Elapsed Wtime       0.058085 s ( 99.6% CPU)
(3) Time spent in communication:       0.000000 s (0.0 %)
(3) Times per iteration:       0.000000 s of 0.000152, s
(3) Elapsed Wtime       0.058117 s ( 99.5% CPU)
(3) Time spent in communication:       0.000000 s (0.0 %)
(3) Times per iteration:       0.000000 s of 0.000152, s
(3) Elapsed Wtime       0.057876 s ( 99.5% CPU)
(3) Time spent in communication:       0.000000 s (0.0 %)
(3) Times per iteration:       0.000000 s of 0.000152, s
(3) Elapsed Wtime       0.057288 s ( 99.7% CPU)
(3) Time spent in communication:       0.000000 s (0.0 %)
(3) Times per iteration:       0.000000 s of 0.000150, s
